<?xml version="1.0" encoding="UTF-8"?>
<!-- Generated by org.testng.reporters.JUnitReportReporter -->
<testsuite hostname="DESKTOP-PL37FB7" name="com.manish.request.scripts.Test007" tests="1" failures="0" timestamp="18 May 2020 20:27:47 GMT" time="5.778" errors="0">
  <testcase name="validateEmailOfRegisteredUser" time="5.778" classname="com.manish.request.scripts.Test007"/>
</testsuite>
