<?xml version="1.0" encoding="UTF-8"?>
<!-- Generated by org.testng.reporters.JUnitReportReporter -->
<testsuite hostname="DESKTOP-PL37FB7" name="com.manish.request.scripts.TestCreateUser" tests="1" failures="0" timestamp="18 May 2020 19:45:40 GMT" time="4.391" errors="0">
  <testcase name="createUserPostAPIValidate" time="4.391" classname="com.manish.request.scripts.TestCreateUser"/>
</testsuite>
